Arguments: 
  /usr/local/bin/node /usr/share/yarn/bin/yarn.js add laravel-elixir-jade

PATH: 
  /home/hugo/bin:/home/hugo/.local/bin:/usr/local/sbin:/usr/local/bin:/usr/sbin:/usr/bin:/sbin:/bin:/usr/games:/usr/local/games:/snap/bin

Yarn version: 
  0.21.3

Node version: 
  4.4.7

Platform: 
  linux x64

npm manifest: 
  {
    "private": true,
    "scripts": {
      "prod": "gulp --production",
      "dev": "gulp watch"
    },
    "devDependencies": {
      "bootstrap-sass": "^3.3.7",
      "gulp": "^3.9.1",
      "gulp-jsbeautifier": "^2.0.3",
      "jquery": "^3.1.0",
      "laravel-elixir": "^6.0.0-9",
      "laravel-elixir-browsersync-official": "^1.0.0",
      "laravel-elixir-vue-2": "^0.2.0",
      "laravel-elixir-webpack-official": "^1.0.2",
      "lodash": "^4.16.2",
      "vue": "^2.0.1",
      "vue-resource": "^1.0.3"
    },
    "dependencies": {
      "particlesjs": "^2.0.1"
    },
    "name": "cablemas",
    "version": "1.0.0",
    "main": "index.js",
    "repository": "git@github.com:carlosh1989/cablemas.git",
    "author": "carlos silva <elmorochez22@gmail.com>",
    "license": "MIT"
  }

yarn manifest: 
  No manifest

Lockfile: 
  No lockfile

Trace: 
  Error: EPERM: operation not permitted, utime '/var/www/html/cablemas/node_modules/abbrev/package.json'
      at Error (native)
